-------------------------------------------------------------------------------
Test set: testRunner.TestRunner
-------------------------------------------------------------------------------
Tests run: 1, Failures: 0, Errors: 1, Skipped: 0, Time elapsed: 37.38 s <<< FAILURE! -- in testRunner.TestRunner
Account Registration.Examine the links when user clicks navigating the pages from Register page -- Time elapsed: 25.26 s <<< ERROR!
java.lang.NullPointerException: Cannot invoke "pageObjects.LoginPage.Loginpagetitle()" because "this.lp" is null
	at stepDefinitions.RegistrationSteps.link_should_navigate_to_the_respective_pages(RegistrationSteps.java:296)
	at âœ½.link should navigate to the respective pages(file:///E:/eclipse/OpencartCucumber/./Features/Registration.feature:133)

